============================= test session starts ==============================
platform linux -- Python 3.14.5, pytest-9.1.1, pluggy-1.6.0 -- /home/xil/dev/necromancer/projects/wraith/.venv/bin/python
cachedir: .pytest_cache
rootdir: /home/xil/dev/necromancer/worktrees/wraith-lap-20260715T100000Z
configfile: pyproject.toml
testpaths: tests
plugins: respx-0.23.1, anyio-4.14.1, pytest_httpserver-1.1.5, socket-0.8.0
collecting ... collected 265 items / 5 deselected / 260 selected

tests/test_cli.py::test_version PASSED                                   [  0%]
tests/test_cli.py::test_no_subcommand_returns_2 PASSED                   [  0%]
tests/test_cli.py::test_gopher_redis_dry_run PASSED                      [  1%]
tests/test_cli.py::test_gopher_fastcgi_double_encode PASSED              [  1%]
tests/test_cli.py::test_scan_requires_scope_file PASSED                  [  1%]
tests/test_cli.py::test_scan_rejects_empty_scope PASSED                  [  2%]
tests/test_cli.py::test_scan_json_output_has_finding PASSED              [  2%]
tests/test_cli.py::test_scan_sarif_output PASSED                         [  3%]
tests/test_cli.py::test_scan_text_output PASSED                          [  3%]
tests/test_cli.py::test_target_file_basic_scan PASSED                    [  3%]
tests/test_cli.py::test_target_file_multi_url_deduplicates PASSED        [  4%]
tests/test_cli.py::test_target_file_skips_comments_and_blanks PASSED     [  4%]
tests/test_cli.py::test_target_file_empty_raises_systemexit PASSED       [  5%]
tests/test_cli.py::test_target_file_missing_file_raises_systemexit PASSED [  5%]
tests/test_cli.py::test_target_file_and_request_file_are_mutually_exclusive PASSED [  5%]
tests/test_cli.py::test_scan_no_input_returns_2 PASSED                   [  6%]
tests/test_cli.py::test_scan_default_timeout_is_ten_seconds PASSED       [  6%]
tests/test_cli.py::test_scan_custom_timeout_accepted PASSED              [  6%]
tests/test_cli.py::test_scan_timeout_passed_to_run_scan PASSED           [  7%]
tests/test_cli.py::test_scan_default_timeout_reaches_run_scan PASSED     [  7%]
tests/test_engine.py::test_parse_http_request_get PASSED                 [  8%]
tests/test_engine.py::test_parse_http_request_post_with_body_and_https PASSED [  8%]
tests/test_engine.py::test_parse_http_request_absolute_target PASSED     [  8%]
tests/test_engine.py::test_target_from_request_file PASSED               [  9%]
tests/test_engine.py::test_marker_injection_replaces_everywhere PASSED   [  9%]
tests/test_engine.py::test_query_param_injection_sets_named_param PASSED [ 10%]
tests/test_engine.py::test_scan_detects_aws_metadata_via_response_signature PASSED [ 10%]
tests/test_engine.py::test_scan_confirms_blind_ssrf_via_oob PASSED       [ 10%]
tests/test_engine.py::test_scan_no_findings_when_app_is_not_vulnerable PASSED [ 11%]
tests/test_exploit.py::test_redis_cron_payload_exact PASSED              [ 11%]
tests/test_exploit.py::test_redis_cron_payload_custom_filename PASSED    [ 11%]
tests/test_exploit.py::test_redis_ssh_payload_exact PASSED               [ 12%]
tests/test_exploit.py::test_fastcgi_rce_payload_exact PASSED             [ 12%]
tests/test_exploit.py::test_fastcgi_rce_payload_custom_path PASSED       [ 13%]
tests/test_exploit.py::test_double_encode_toggled PASSED                 [ 13%]
tests/test_exploit.py::test_exploit_subcommand_requires_exploit_flag PASSED [ 13%]
tests/test_exploit.py::test_exploit_requires_exploit_flag_redis_cron PASSED [ 14%]
tests/test_exploit.py::test_exploit_requires_exploit_flag_fastcgi PASSED [ 14%]
tests/test_exploit.py::test_exploit_yes_skips_confirmation_prompt PASSED [ 15%]
tests/test_exploit.py::test_exploit_yes_redis_cron_outputs_payload PASSED [ 15%]
tests/test_exploit.py::test_exploit_yes_fastcgi_outputs_payload PASSED   [ 15%]
tests/test_exploit.py::test_exploit_missing_required_param_redis_cron PASSED [ 16%]
tests/test_exploit.py::test_exploit_missing_required_param_redis_ssh PASSED [ 16%]
tests/test_exploit.py::test_exploit_missing_required_param_fastcgi PASSED [ 16%]
tests/test_findings.py::test_severities_and_confidences_are_pinned PASSED [ 17%]
tests/test_findings.py::test_finding_defaults_match_contract PASSED      [ 17%]
tests/test_findings.py::test_finding_has_all_contract_fields PASSED      [ 18%]
tests/test_findings.py::test_finding_rejects_bad_severity PASSED         [ 18%]
tests/test_findings.py::test_finding_rejects_bad_confidence PASSED       [ 18%]
tests/test_findings.py::test_finding_round_trips_through_dict PASSED     [ 19%]
tests/test_findings.py::test_is_confirmed_tracks_oob_proof PASSED        [ 19%]
tests/test_findings.py::test_to_sarif_returns_dict_envelope PASSED       [ 20%]
tests/test_findings.py::test_to_sarif_result_count_matches_findings PASSED [ 20%]
tests/test_findings.py::test_to_sarif_severity_maps_to_level_and_rank PASSED [ 20%]
tests/test_findings.py::test_to_sarif_rule_id_is_tool_slash_vector_class PASSED [ 21%]
tests/test_findings.py::test_to_sarif_rule_per_distinct_rule_id PASSED   [ 21%]
tests/test_findings.py::test_to_sarif_fingerprint_and_location_from_finding PASSED [ 21%]
tests/test_findings.py::test_to_h1md_round_trips_finding_detail PASSED   [ 22%]
tests/test_findings.py::test_to_h1md_orders_by_severity PASSED           [ 22%]
tests/test_findings.py::test_to_h1md_empty_reports_zero PASSED           [ 23%]
tests/test_mcp.py::test_catalog_has_exactly_five_signatures PASSED       [ 23%]
tests/test_mcp.py::test_every_signature_is_cited_and_gated PASSED        [ 23%]
tests/test_mcp.py::test_named_cves_present PASSED                        [ 24%]
tests/test_mcp.py::test_version_affected[0.6.2-<0.6.3-True] PASSED       [ 24%]
tests/test_mcp.py::test_version_affected[0.6.3-<0.6.3-False] PASSED      [ 25%]
tests/test_mcp.py::test_version_affected[0.7.0-<0.6.3-False] PASSED      [ 25%]
tests/test_mcp.py::test_version_affected[1.52.9-<1.53.0-True] PASSED     [ 25%]
tests/test_mcp.py::test_version_affected[1.53.0-<1.53.0-False] PASSED    [ 26%]
tests/test_mcp.py::test_version_affected[2.0.0-*-True] PASSED            [ 26%]
tests/test_mcp.py::test_version_affected[None-<0.6.3-True] PASSED        [ 26%]
tests/test_mcp.py::test_version_affected[0.2.0->=0.1,<0.3-True] PASSED   [ 27%]
tests/test_mcp.py::test_version_affected[0.3.0->=0.1,<0.3-False] PASSED  [ 27%]
tests/test_mcp.py::test_applicable_filters_by_version PASSED             [ 28%]
tests/test_mcp.py::test_mcp_target_query_injection PASSED                [ 28%]
tests/test_mcp.py::test_mcp_target_json_body_injection PASSED            [ 28%]
tests/test_mcp.py::test_scan_mcp_confirms_fetch_mcp_via_oob PASSED       [ 29%]
tests/test_mcp.py::TestMcpDiscoveryPaths::test_discovery_paths_are_nonempty PASSED [ 29%]
tests/test_mcp.py::TestMcpDiscoveryPaths::test_known_paths_present PASSED [ 30%]
tests/test_mcp.py::TestDetectMcpServerResponse::test_returns_true_for_two_matching_signatures PASSED [ 30%]
tests/test_mcp.py::TestDetectMcpServerResponse::test_returns_false_for_one_matching_signature PASSED [ 30%]
tests/test_mcp.py::TestDetectMcpServerResponse::test_returns_false_for_unrelated_json PASSED [ 31%]
tests/test_mcp.py::TestDetectMcpServerResponse::test_returns_false_for_empty PASSED [ 31%]
tests/test_mcp.py::TestDetectMcpServerResponse::test_recognises_real_mcp_response_shapes[{"protocolVersion":"2024-11-05","serverInfo":{"name":"test"}}] PASSED [ 31%]
tests/test_mcp.py::TestDetectMcpServerResponse::test_recognises_real_mcp_response_shapes[{"jsonrpc":"2.0","result":{"tools":[],"capabilities":{}}}] PASSED [ 32%]
tests/test_mcp.py::TestDetectMcpServerResponse::test_recognises_real_mcp_response_shapes[{"name":"my-mcp-server","capabilities":{"tools":{},"resources":{}}}] PASSED [ 32%]
tests/test_mcp.py::TestDetectMcpServerResponse::test_r5_no_exception_on_binary_garbage PASSED [ 33%]
tests/test_mcp.py::TestMcpSsrfUrls::test_returns_one_entry_per_discovery_path PASSED [ 33%]
tests/test_mcp.py::TestMcpSsrfUrls::test_default_host_is_loopback PASSED [ 33%]
tests/test_mcp.py::TestMcpSsrfUrls::test_custom_host_and_port_embedded PASSED [ 34%]
tests/test_mcp.py::TestMcpSsrfUrls::test_discovery_paths_appear_in_urls PASSED [ 34%]
tests/test_mcp.py::TestMcpSsrfUrls::test_labels_are_unique PASSED        [ 35%]
tests/test_mcp.py::TestRunScanMcpDiscovery::test_mcp_server_reached_via_ssrf_emits_finding PASSED [ 35%]
tests/test_mcp.py::TestRunScanMcpDiscovery::test_no_mcp_finding_when_discovery_disabled PASSED [ 35%]
tests/test_metadata.py::test_imdsv2_put_then_get_and_token_header_echo PASSED [ 36%]
tests/test_metadata.py::test_imdsv2_finding_redacts_secret_material PASSED [ 36%]
tests/test_metadata.py::test_header_injection_variant_labels_and_cites_cve PASSED [ 36%]
tests/test_metadata.py::test_imdsv1_sends_no_token_header PASSED         [ 37%]
tests/test_metadata.py::test_no_finding_when_response_not_credential_shaped PASSED [ 37%]
tests/test_metadata.py::test_azure_sends_metadata_header_and_omits_xff PASSED [ 38%]
tests/test_metadata.py::test_gcp_requires_metadata_flavor_header PASSED  [ 38%]
tests/test_metadata.py::test_out_of_scope_metadata_base_is_skipped_not_raised PASSED [ 38%]
tests/test_metadata.py::test_detect_from_response_classifies_fixtures[aws_iam_credentials.json-aws-critical] PASSED [ 39%]
tests/test_metadata.py::test_detect_from_response_classifies_fixtures[gcp_token.json-gcp-critical] PASSED [ 39%]
tests/test_metadata.py::test_detect_from_response_classifies_fixtures[azure_instance.json-azure-high] PASSED [ 40%]
tests/test_metadata.py::test_detect_from_response_classifies_fixtures[alibaba_ram_credentials.json-alibaba-critical] PASSED [ 40%]
tests/test_metadata.py::test_detect_from_response_classifies_fixtures[oracle_instance.json-oracle-high] PASSED [ 40%]
tests/test_metadata.py::test_detect_from_response_classifies_fixtures[digitalocean_metadata.json-digitalocean-high] PASSED [ 41%]
tests/test_metadata.py::test_detect_from_response_classifies_fixtures[hetzner_metadata.yaml-hetzner-high] PASSED [ 41%]
tests/test_metadata.py::test_hetzner_probe_no_auth_required PASSED       [ 41%]
tests/test_metadata.py::test_hetzner_probe_no_finding_on_miss PASSED     [ 42%]
tests/test_metadata.py::test_detect_from_response_none_for_benign_body PASSED [ 42%]
tests/test_mutators.py::test_ipv4_encoding_exact_bytes[127.0.0.1] PASSED [ 43%]
tests/test_mutators.py::test_ipv4_encoding_exact_bytes[169.254.169.254] PASSED [ 43%]
tests/test_mutators.py::test_ipv4_encoding_exact_bytes[0.0.0.0] PASSED   [ 43%]
tests/test_mutators.py::test_ipv4_encoding_exact_bytes[10.0.0.1] PASSED  [ 44%]
tests/test_mutators.py::test_contract_pinned_examples_127 PASSED         [ 44%]
tests/test_mutators.py::test_contract_pinned_examples_metadata PASSED    [ 45%]
tests/test_mutators.py::test_dword_doubles_as_zero_shorthand PASSED      [ 45%]
tests/test_mutators.py::test_encodings_round_trip_to_same_address PASSED [ 45%]
tests/test_mutators.py::test_is_ipv4_literal[127.0.0.1-True] PASSED      [ 46%]
tests/test_mutators.py::test_is_ipv4_literal[169.254.169.254-True] PASSED [ 46%]
tests/test_mutators.py::test_is_ipv4_literal[0.0.0.0-True] PASSED        [ 46%]
tests/test_mutators.py::test_is_ipv4_literal[metadata.google.internal-False] PASSED [ 47%]
tests/test_mutators.py::test_is_ipv4_literal[example.com-False] PASSED   [ 47%]
tests/test_mutators.py::test_is_ipv4_literal[2130706433-False] PASSED    [ 48%]
tests/test_mutators.py::test_is_ipv4_literal[::1-False] PASSED           [ 48%]
tests/test_mutators.py::test_is_ipv4_literal[-False] PASSED              [ 48%]
tests/test_mutators.py::test_rbndr_hostname_exact PASSED                 [ 49%]
tests/test_mutators.py::test_ipv6_loopback_only_for_loopback_target PASSED [ 49%]
tests/test_mutators.py::test_url_structure_variants_exact_bytes PASSED   [ 50%]
tests/test_mutators.py::test_scheme_variants_exact_bytes PASSED          [ 50%]
tests/test_mutators.py::test_encoding_variants_embed_encoded_host PASSED [ 50%]
tests/test_mutators.py::test_default_ordering_matches_contract PASSED    [ 51%]
tests/test_mutators.py::test_full_catalog_covers_every_mutator_class PASSED [ 51%]
tests/test_mutators.py::test_hostname_target_skips_ip_only_variants PASSED [ 51%]
tests/test_mutators.py::test_bare_host_defaults_to_http_and_root_path PASSED [ 52%]
tests/test_mutators.py::test_preserves_port_and_query PASSED             [ 52%]
tests/test_mutators.py::test_mutate_is_build_variants_alias PASSED       [ 53%]
tests/test_mutators.py::test_redirect_chain_variants_count PASSED        [ 53%]
tests/test_mutators.py::test_redirect_chain_variants_families PASSED     [ 53%]
tests/test_mutators.py::test_redirect_chain_raw_exact_bytes PASSED       [ 54%]
tests/test_mutators.py::test_redirect_chain_encoded_exact_bytes PASSED   [ 54%]
tests/test_mutators.py::test_redirect_chain_double_encoded_exact_bytes PASSED [ 55%]
tests/test_mutators.py::test_redirect_chain_custom_marker PASSED         [ 55%]
tests/test_mutators.py::test_redirect_chain_all_names_present PASSED     [ 55%]
tests/test_mutators.py::test_build_variants_no_redirect_chain_by_default PASSED [ 56%]
tests/test_mutators.py::test_build_variants_emits_redirect_chain_when_redirect_url_set PASSED [ 56%]
tests/test_mutators.py::test_build_variants_redirect_chain_comes_first PASSED [ 56%]
tests/test_mutators.py::test_build_variants_ordering_with_redirect_chain PASSED [ 57%]
tests/test_mutators.py::test_build_variants_redirect_chain_uses_custom_redirect_marker PASSED [ 57%]
tests/test_mutators.py::test_build_variants_redirect_chain_raw_contains_internal_url PASSED [ 58%]
tests/test_mutators.py::test_build_variants_existing_catalog_unchanged_with_redirect_url PASSED [ 58%]
tests/test_oob.py::test_classify_no_interaction_is_unconfirmed PASSED    [ 58%]
tests/test_oob.py::test_classify_dns_only_is_confirmed_and_flags_http_filtered PASSED [ 59%]
tests/test_oob.py::test_classify_http_beats_dns_and_is_not_flagged PASSED [ 59%]
tests/test_oob.py::test_new_canary_is_unique_per_probe PASSED            [ 60%]
tests/test_oob.py::test_full_chain_mutate_resolve_loopback_and_dns_confirm PASSED [ 60%]
tests/test_oob.py::test_http_callback_confirms_without_filter_flag PASSED [ 60%]
tests/test_oob.py::test_wait_for_times_out_when_no_interaction PASSED    [ 61%]
tests/test_oob.py::test_interactsh_client_registers_and_decrypts_dns_interaction PASSED [ 61%]
tests/test_oob.py::test_interactsh_client_decrypts_http_interaction PASSED [ 61%]
tests/test_portscan.py::test_probe_url_basic PASSED                      [ 62%]
tests/test_portscan.py::test_probe_url_all_default_ports PASSED          [ 62%]
tests/test_portscan.py::test_match_banner_redis PASSED                   [ 63%]
tests/test_portscan.py::test_match_banner_elasticsearch PASSED           [ 63%]
tests/test_portscan.py::test_match_banner_ssh PASSED                     [ 63%]
tests/test_portscan.py::test_match_banner_http_body PASSED               [ 64%]
tests/test_portscan.py::test_match_banner_none PASSED                    [ 64%]
tests/test_portscan.py::test_match_banner_case_insensitive PASSED        [ 65%]
tests/test_portscan.py::test_service_banners_are_strings[redis_version] PASSED [ 65%]
tests/test_portscan.py::test_service_banners_are_strings[redis_mode] PASSED [ 65%]
tests/test_portscan.py::test_service_banners_are_strings[+PONG] PASSED   [ 66%]
tests/test_portscan.py::test_service_banners_are_strings[+OK] PASSED     [ 66%]
tests/test_portscan.py::test_service_banners_are_strings[MongoDB] PASSED [ 66%]
tests/test_portscan.py::test_service_banners_are_strings[mongod] PASSED  [ 67%]
tests/test_portscan.py::test_service_banners_are_strings[ismaster] PASSED [ 67%]
tests/test_portscan.py::test_service_banners_are_strings[elasticsearch] PASSED [ 68%]
tests/test_portscan.py::test_service_banners_are_strings[cluster_name] PASSED [ 68%]
tests/test_portscan.py::test_service_banners_are_strings[cluster_uuid] PASSED [ 68%]
tests/test_portscan.py::test_service_banners_are_strings[mysql_native_password] PASSED [ 69%]
tests/test_portscan.py::test_service_banners_are_strings[MariaDB] PASSED [ 69%]
tests/test_portscan.py::test_service_banners_are_strings[5.5.] PASSED    [ 70%]
tests/test_portscan.py::test_service_banners_are_strings[5.6.] PASSED    [ 70%]
tests/test_portscan.py::test_service_banners_are_strings[5.7.] PASSED    [ 70%]
tests/test_portscan.py::test_service_banners_are_strings[8.0.] PASSED    [ 71%]
tests/test_portscan.py::test_service_banners_are_strings[8.4.] PASSED    [ 71%]
tests/test_portscan.py::test_service_banners_are_strings[PostgreSQL] PASSED [ 71%]
tests/test_portscan.py::test_service_banners_are_strings[pg_catalog] PASSED [ 72%]
tests/test_portscan.py::test_service_banners_are_strings[FATAL:  ] PASSED [ 72%]
tests/test_portscan.py::test_service_banners_are_strings[STAT version] PASSED [ 73%]
tests/test_portscan.py::test_service_banners_are_strings[STAT pid] PASSED [ 73%]
tests/test_portscan.py::test_service_banners_are_strings[STORED] PASSED  [ 73%]
tests/test_portscan.py::test_service_banners_are_strings[rabbitmq] PASSED [ 74%]
tests/test_portscan.py::test_service_banners_are_strings[AMQP] PASSED    [ 74%]
tests/test_portscan.py::test_service_banners_are_strings[kubelet] PASSED [ 75%]
tests/test_portscan.py::test_service_banners_are_strings["kind": "Pod"] PASSED [ 75%]
tests/test_portscan.py::test_service_banners_are_strings["ApiVersion"] PASSED [ 75%]
tests/test_portscan.py::test_service_banners_are_strings["ServerVersion"] PASSED [ 76%]
tests/test_portscan.py::test_service_banners_are_strings[SSH-2.0-] PASSED [ 76%]
tests/test_portscan.py::test_service_banners_are_strings[SSH-1.] PASSED  [ 76%]
tests/test_portscan.py::test_service_banners_are_strings[OpenSSH] PASSED [ 77%]
tests/test_portscan.py::test_service_banners_are_strings[220 ] PASSED    [ 77%]
tests/test_portscan.py::test_service_banners_are_strings[230 ] PASSED    [ 78%]
tests/test_portscan.py::test_service_banners_are_strings[331 ] PASSED    [ 78%]
tests/test_portscan.py::test_service_banners_are_strings[220 ESMTP] PASSED [ 78%]
tests/test_portscan.py::test_service_banners_are_strings[Postfix] PASSED [ 79%]
tests/test_portscan.py::test_service_banners_are_strings[Exim] PASSED    [ 79%]
tests/test_portscan.py::test_service_banners_are_strings[sendmail] PASSED [ 80%]
tests/test_portscan.py::test_service_banners_are_strings[<html] PASSED   [ 80%]
tests/test_portscan.py::test_service_banners_are_strings[<!DOCTYPE] PASSED [ 80%]
tests/test_portscan.py::test_service_banners_are_strings[<!doctype] PASSED [ 81%]
tests/test_portscan.py::test_classify_open_via_banner PASSED             [ 81%]
tests/test_portscan.py::test_classify_filtered_via_timeout PASSED        [ 81%]
tests/test_portscan.py::test_classify_closed_fast_5xx PASSED             [ 82%]
tests/test_portscan.py::test_classify_open_2xx_no_banner PASSED          [ 82%]
tests/test_portscan.py::test_classify_unknown_slow_5xx PASSED            [ 83%]
tests/test_portscan.py::test_scan_ports_open_banner PASSED               [ 83%]
tests/test_portscan.py::test_scan_ports_closed_drops_finding PASSED      [ 83%]
tests/test_portscan.py::test_scan_ports_multiple_ports PASSED            [ 84%]
tests/test_portscan.py::test_scan_ports_marker_injection PASSED          [ 84%]
tests/test_portscan.py::test_scan_ports_empty_ports_returns_empty PASSED [ 85%]
tests/test_portscan.py::test_parse_ports_default PASSED                  [ 85%]
tests/test_portscan.py::test_parse_ports_csv PASSED                      [ 85%]
tests/test_portscan.py::test_parse_ports_range PASSED                    [ 86%]
tests/test_protocols.py::test_resp_encode_exact PASSED                   [ 86%]
tests/test_protocols.py::test_resp_encode_multiple_commands PASSED       [ 86%]
tests/test_protocols.py::test_gopher_payload_crlf_is_percent_0d0a PASSED [ 87%]
tests/test_protocols.py::test_gopher_double_encode_toggle PASSED         [ 87%]
tests/test_protocols.py::test_gopher_item_type_override PASSED           [ 88%]
tests/test_protocols.py::test_fastcgi_begin_request_header_and_alignment PASSED [ 88%]
tests/test_protocols.py::test_dict_url_builder PASSED                    [ 88%]
tests/test_protocols.py::test_detect_service_redis_and_memcached PASSED  [ 89%]
tests/test_protocols.py::test_dict_recon_detects_redis_banner PASSED     [ 89%]
tests/test_protocols.py::test_ldap_url_root_dse PASSED                   [ 90%]
tests/test_protocols.py::test_ldap_url_with_base_dn PASSED               [ 90%]
tests/test_protocols.py::test_detect_ldap_response_hit PASSED            [ 90%]
tests/test_protocols.py::test_detect_ldap_response_miss PASSED           [ 91%]
tests/test_protocols.py::test_detect_service_recognises_ldap PASSED      [ 91%]
tests/test_protocols.py::test_ldap_recon_detects_directory PASSED        [ 91%]
tests/test_protocols.py::test_ldap_recon_no_hit PASSED                   [ 92%]
tests/test_protocols.py::test_tftp_url_default PASSED                    [ 92%]
tests/test_protocols.py::test_tftp_url_custom_file_and_port PASSED       [ 93%]
tests/test_protocols.py::test_detect_tftp_response_passwd_hit PASSED     [ 93%]
tests/test_protocols.py::test_detect_tftp_response_boot_ini_hit PASSED   [ 93%]
tests/test_protocols.py::test_detect_tftp_response_miss PASSED           [ 94%]
tests/test_protocols.py::test_detect_service_recognises_tftp_passwd PASSED [ 94%]
tests/test_protocols.py::test_tftp_recon_detects_passwd PASSED           [ 95%]
tests/test_protocols.py::test_tftp_recon_no_hit PASSED                   [ 95%]
tests/test_protocols.py::test_file_url_unix_absolute PASSED              [ 95%]
tests/test_protocols.py::test_file_url_windows_path PASSED               [ 96%]
tests/test_protocols.py::test_detect_file_response_passwd_hit PASSED     [ 96%]
tests/test_protocols.py::test_detect_file_response_hosts_hit PASSED      [ 96%]
tests/test_protocols.py::test_detect_file_response_proc_version_hit PASSED [ 97%]
tests/test_protocols.py::test_detect_file_response_miss PASSED           [ 97%]
tests/test_protocols.py::test_detect_file_response_windows_win_ini_hit PASSED [ 98%]
tests/test_protocols.py::test_detect_file_response_unknown_path_falls_back_to_passwd_sigs PASSED [ 98%]
tests/test_protocols.py::test_file_recon_detects_passwd PASSED           [ 98%]
tests/test_protocols.py::test_file_recon_detects_hosts PASSED            [ 99%]
tests/test_protocols.py::test_file_recon_multiple_paths_emits_multiple_findings PASSED [ 99%]
tests/test_protocols.py::test_file_recon_no_hit PASSED                   [100%]

====================== 260 passed, 5 deselected in 14.67s ======================
